# Logfile created on 2015-04-20 12:20:18 -0300 by logger.rb/1.2.8
[0;31;49m[Important] YUICompressor requires java to be installed. The JAVA_HOME variable should also be set.
[0m
[0;97;49mStarted GET "/" at 2015-04-20 12:22:11 -0300[0m
Detecting locale EN
Found page "Home page" [index]
  Rendered liquid page template
[0;32;49mCompleted 200 OK in 17.6ms

[0m
[0;31;49m[Important] YUICompressor requires java to be installed. The JAVA_HOME variable should also be set.
[0m
[0;97;49mStarted GET "/" at 2015-04-20 19:29:26 -0300[0m
Detecting locale EN
Found page "Home page" [index]
[0;31;49m[ERROR] 'block' tag was never closed - ./app/views/pages/index.liquid:20:in `Home page'
[0m
* Reloaded "pages", "snippets" at 2015-04-20 19:30:02 -0300
[0;97;49mStarted GET "/" at 2015-04-20 19:30:04 -0300[0m
Detecting locale EN
Found page "Home page" [index]
  Rendered snippet top_page_section
  Rendered liquid page template
[0;32;49mCompleted 200 OK in 86.2ms

[0m
* Reloaded "pages", "snippets" at 2015-04-20 19:36:56 -0300
["/Users/otamm/.rbenv/versions/2.1.5/lib/ruby/gems/2.1.0/gems/locomotivecms_mounter-1.5.3/lib/locomotive/mounter/models/content_entry.rb:203:in `method_missing'", "/Users/otamm/.rbenv/versions/2.1.5/lib/ruby/gems/2.1.0/gems/locomotivecms_mounter-1.5.3/lib/locomotive/mounter/models/content_type.rb:80:in `block (2 levels) in build_entry'", "/Users/otamm/.rbenv/versions/2.1.5/lib/ruby/gems/2.1.0/gems/locomotivecms_mounter-1.5.3/lib/locomotive/mounter/models/content_type.rb:73:in `each'", "/Users/otamm/.rbenv/versions/2.1.5/lib/ruby/gems/2.1.0/gems/locomotivecms_mounter-1.5.3/lib/locomotive/mounter/models/content_type.rb:73:in `block in build_entry'", "/Users/otamm/.rbenv/versions/2.1.5/lib/ruby/gems/2.1.0/gems/locomotivecms_mounter-1.5.3/lib/locomotive/mounter/models/content_type.rb:68:in `tap'", "/Users/otamm/.rbenv/versions/2.1.5/lib/ruby/gems/2.1.0/gems/locomotivecms_mounter-1.5.3/lib/locomotive/mounter/models/content_type.rb:68:in `build_entry'", "/Users/otamm/.rbenv/versions/2.1.5/lib/ruby/gems/2.1.0/gems/locomotivecms_mounter-1.5.3/lib/locomotive/mounter/reader/file_system/content_entries_reader.rb:75:in `add'", "/Users/otamm/.rbenv/versions/2.1.5/lib/ruby/gems/2.1.0/gems/locomotivecms_mounter-1.5.3/lib/locomotive/mounter/reader/file_system/content_entries_reader.rb:29:in `block (2 levels) in fetch_from_filesystem'", "/Users/otamm/.rbenv/versions/2.1.5/lib/ruby/gems/2.1.0/gems/locomotivecms_mounter-1.5.3/lib/locomotive/mounter/reader/file_system/content_entries_reader.rb:28:in `each'", "/Users/otamm/.rbenv/versions/2.1.5/lib/ruby/gems/2.1.0/gems/locomotivecms_mounter-1.5.3/lib/locomotive/mounter/reader/file_system/content_entries_reader.rb:28:in `each_with_index'", "/Users/otamm/.rbenv/versions/2.1.5/lib/ruby/gems/2.1.0/gems/locomotivecms_mounter-1.5.3/lib/locomotive/mounter/reader/file_system/content_entries_reader.rb:28:in `block in fetch_from_filesystem'", "/Users/otamm/.rbenv/versions/2.1.5/lib/ruby/gems/2.1.0/gems/locomotivecms_mounter-1.5.3/lib/locomotive/mounter/reader/file_system/content_entries_reader.rb:21:in `each'", "/Users/otamm/.rbenv/versions/2.1.5/lib/ruby/gems/2.1.0/gems/locomotivecms_mounter-1.5.3/lib/locomotive/mounter/reader/file_system/content_entries_reader.rb:21:in `fetch_from_filesystem'", "/Users/otamm/.rbenv/versions/2.1.5/lib/ruby/gems/2.1.0/gems/locomotivecms_mounter-1.5.3/lib/locomotive/mounter/reader/file_system/content_entries_reader.rb:13:in `read'", "/Users/otamm/.rbenv/versions/2.1.5/lib/ruby/gems/2.1.0/gems/locomotivecms_mounter-1.5.3/lib/locomotive/mounter/reader/runner.rb:76:in `block (2 levels) in build_mounting_point'", "/Users/otamm/.rbenv/versions/2.1.5/lib/ruby/gems/2.1.0/gems/locomotivecms_mounter-1.5.3/lib/locomotive/mounter/reader/runner.rb:73:in `each'", "/Users/otamm/.rbenv/versions/2.1.5/lib/ruby/gems/2.1.0/gems/locomotivecms_mounter-1.5.3/lib/locomotive/mounter/reader/runner.rb:73:in `block in build_mounting_point'", "/Users/otamm/.rbenv/versions/2.1.5/lib/ruby/gems/2.1.0/gems/locomotivecms_mounter-1.5.3/lib/locomotive/mounter/reader/runner.rb:70:in `tap'", "/Users/otamm/.rbenv/versions/2.1.5/lib/ruby/gems/2.1.0/gems/locomotivecms_mounter-1.5.3/lib/locomotive/mounter/reader/runner.rb:70:in `build_mounting_point'", "/Users/otamm/.rbenv/versions/2.1.5/lib/ruby/gems/2.1.0/gems/locomotivecms_mounter-1.5.3/lib/locomotive/mounter/reader/runner.rb:29:in `run!'", "/Users/otamm/.rbenv/versions/2.1.5/lib/ruby/gems/2.1.0/gems/locomotivecms_wagon-1.5.4/lib/locomotive/wagon.rb:262:in `require_mounter'", "/Users/otamm/.rbenv/versions/2.1.5/lib/ruby/gems/2.1.0/gems/locomotivecms_wagon-1.5.4/lib/locomotive/wagon.rb:75:in `serve'", "/Users/otamm/.rbenv/versions/2.1.5/lib/ruby/gems/2.1.0/gems/locomotivecms_wagon-1.5.4/lib/locomotive/wagon/cli.rb:272:in `serve'", "/Users/otamm/.rbenv/versions/2.1.5/lib/ruby/gems/2.1.0/gems/thor-0.19.1/lib/thor/command.rb:27:in `run'", "/Users/otamm/.rbenv/versions/2.1.5/lib/ruby/gems/2.1.0/gems/thor-0.19.1/lib/thor/invocation.rb:126:in `invoke_command'", "/Users/otamm/.rbenv/versions/2.1.5/lib/ruby/gems/2.1.0/gems/thor-0.19.1/lib/thor.rb:359:in `dispatch'", "/Users/otamm/.rbenv/versions/2.1.5/lib/ruby/gems/2.1.0/gems/thor-0.19.1/lib/thor/base.rb:440:in `start'", "/Users/otamm/.rbenv/versions/2.1.5/lib/ruby/gems/2.1.0/gems/locomotivecms_wagon-1.5.4/bin/wagon:12:in `<top (required)>'", "/Users/otamm/.rbenv/versions/2.1.5/bin/wagon:23:in `load'", "/Users/otamm/.rbenv/versions/2.1.5/bin/wagon:23:in `<main>'"]
The 'headerlinks' content type does not have a field named 'link'.
The 'headerlinks' content type does not have a field named 'link'.
	/Users/otamm/.rbenv/versions/2.1.5/lib/ruby/gems/2.1.0/gems/locomotivecms_mounter-1.5.3/lib/locomotive/mounter/models/content_type.rb:86:in `rescue in block (2 levels) in build_entry'
	/Users/otamm/.rbenv/versions/2.1.5/lib/ruby/gems/2.1.0/gems/locomotivecms_mounter-1.5.3/lib/locomotive/mounter/models/content_type.rb:74:in `block (2 levels) in build_entry'
	/Users/otamm/.rbenv/versions/2.1.5/lib/ruby/gems/2.1.0/gems/locomotivecms_mounter-1.5.3/lib/locomotive/mounter/models/content_type.rb:73:in `each'
	/Users/otamm/.rbenv/versions/2.1.5/lib/ruby/gems/2.1.0/gems/locomotivecms_mounter-1.5.3/lib/locomotive/mounter/models/content_type.rb:73:in `block in build_entry'
	/Users/otamm/.rbenv/versions/2.1.5/lib/ruby/gems/2.1.0/gems/locomotivecms_mounter-1.5.3/lib/locomotive/mounter/models/content_type.rb:68:in `tap'
	/Users/otamm/.rbenv/versions/2.1.5/lib/ruby/gems/2.1.0/gems/locomotivecms_mounter-1.5.3/lib/locomotive/mounter/models/content_type.rb:68:in `build_entry'
	/Users/otamm/.rbenv/versions/2.1.5/lib/ruby/gems/2.1.0/gems/locomotivecms_mounter-1.5.3/lib/locomotive/mounter/reader/file_system/content_entries_reader.rb:75:in `add'
	/Users/otamm/.rbenv/versions/2.1.5/lib/ruby/gems/2.1.0/gems/locomotivecms_mounter-1.5.3/lib/locomotive/mounter/reader/file_system/content_entries_reader.rb:29:in `block (2 levels) in fetch_from_filesystem'
	/Users/otamm/.rbenv/versions/2.1.5/lib/ruby/gems/2.1.0/gems/locomotivecms_mounter-1.5.3/lib/locomotive/mounter/reader/file_system/content_entries_reader.rb:28:in `each'
	/Users/otamm/.rbenv/versions/2.1.5/lib/ruby/gems/2.1.0/gems/locomotivecms_mounter-1.5.3/lib/locomotive/mounter/reader/file_system/content_entries_reader.rb:28:in `each_with_index'
	/Users/otamm/.rbenv/versions/2.1.5/lib/ruby/gems/2.1.0/gems/locomotivecms_mounter-1.5.3/lib/locomotive/mounter/reader/file_system/content_entries_reader.rb:28:in `block in fetch_from_filesystem'
	/Users/otamm/.rbenv/versions/2.1.5/lib/ruby/gems/2.1.0/gems/locomotivecms_mounter-1.5.3/lib/locomotive/mounter/reader/file_system/content_entries_reader.rb:21:in `each'
	/Users/otamm/.rbenv/versions/2.1.5/lib/ruby/gems/2.1.0/gems/locomotivecms_mounter-1.5.3/lib/locomotive/mounter/reader/file_system/content_entries_reader.rb:21:in `fetch_from_filesystem'
	/Users/otamm/.rbenv/versions/2.1.5/lib/ruby/gems/2.1.0/gems/locomotivecms_mounter-1.5.3/lib/locomotive/mounter/reader/file_system/content_entries_reader.rb:13:in `read'
	/Users/otamm/.rbenv/versions/2.1.5/lib/ruby/gems/2.1.0/gems/locomotivecms_mounter-1.5.3/lib/locomotive/mounter/reader/runner.rb:76:in `block (2 levels) in build_mounting_point'
	/Users/otamm/.rbenv/versions/2.1.5/lib/ruby/gems/2.1.0/gems/locomotivecms_mounter-1.5.3/lib/locomotive/mounter/reader/runner.rb:73:in `each'
	/Users/otamm/.rbenv/versions/2.1.5/lib/ruby/gems/2.1.0/gems/locomotivecms_mounter-1.5.3/lib/locomotive/mounter/reader/runner.rb:73:in `block in build_mounting_point'
	/Users/otamm/.rbenv/versions/2.1.5/lib/ruby/gems/2.1.0/gems/locomotivecms_mounter-1.5.3/lib/locomotive/mounter/reader/runner.rb:70:in `tap'
	/Users/otamm/.rbenv/versions/2.1.5/lib/ruby/gems/2.1.0/gems/locomotivecms_mounter-1.5.3/lib/locomotive/mounter/reader/runner.rb:70:in `build_mounting_point'
	/Users/otamm/.rbenv/versions/2.1.5/lib/ruby/gems/2.1.0/gems/locomotivecms_mounter-1.5.3/lib/locomotive/mounter/reader/runner.rb:29:in `run!'
	/Users/otamm/.rbenv/versions/2.1.5/lib/ruby/gems/2.1.0/gems/locomotivecms_wagon-1.5.4/lib/locomotive/wagon.rb:262:in `require_mounter'
	/Users/otamm/.rbenv/versions/2.1.5/lib/ruby/gems/2.1.0/gems/locomotivecms_wagon-1.5.4/lib/locomotive/wagon.rb:75:in `serve'
	/Users/otamm/.rbenv/versions/2.1.5/lib/ruby/gems/2.1.0/gems/locomotivecms_wagon-1.5.4/lib/locomotive/wagon/cli.rb:272:in `serve'
	/Users/otamm/.rbenv/versions/2.1.5/lib/ruby/gems/2.1.0/gems/thor-0.19.1/lib/thor/command.rb:27:in `run'
	/Users/otamm/.rbenv/versions/2.1.5/lib/ruby/gems/2.1.0/gems/thor-0.19.1/lib/thor/invocation.rb:126:in `invoke_command'
	/Users/otamm/.rbenv/versions/2.1.5/lib/ruby/gems/2.1.0/gems/thor-0.19.1/lib/thor.rb:359:in `dispatch'
	/Users/otamm/.rbenv/versions/2.1.5/lib/ruby/gems/2.1.0/gems/thor-0.19.1/lib/thor/base.rb:440:in `start'
	/Users/otamm/.rbenv/versions/2.1.5/lib/ruby/gems/2.1.0/gems/locomotivecms_wagon-1.5.4/bin/wagon:12:in `<top (required)>'
	/Users/otamm/.rbenv/versions/2.1.5/bin/wagon:23:in `load'
	/Users/otamm/.rbenv/versions/2.1.5/bin/wagon:23:in `<main>'


["/Users/otamm/.rbenv/versions/2.1.5/lib/ruby/gems/2.1.0/gems/locomotivecms_mounter-1.5.3/lib/locomotive/mounter/models/content_entry.rb:203:in `method_missing'", "/Users/otamm/.rbenv/versions/2.1.5/lib/ruby/gems/2.1.0/gems/locomotivecms_mounter-1.5.3/lib/locomotive/mounter/models/content_type.rb:80:in `block (2 levels) in build_entry'", "/Users/otamm/.rbenv/versions/2.1.5/lib/ruby/gems/2.1.0/gems/locomotivecms_mounter-1.5.3/lib/locomotive/mounter/models/content_type.rb:73:in `each'", "/Users/otamm/.rbenv/versions/2.1.5/lib/ruby/gems/2.1.0/gems/locomotivecms_mounter-1.5.3/lib/locomotive/mounter/models/content_type.rb:73:in `block in build_entry'", "/Users/otamm/.rbenv/versions/2.1.5/lib/ruby/gems/2.1.0/gems/locomotivecms_mounter-1.5.3/lib/locomotive/mounter/models/content_type.rb:68:in `tap'", "/Users/otamm/.rbenv/versions/2.1.5/lib/ruby/gems/2.1.0/gems/locomotivecms_mounter-1.5.3/lib/locomotive/mounter/models/content_type.rb:68:in `build_entry'", "/Users/otamm/.rbenv/versions/2.1.5/lib/ruby/gems/2.1.0/gems/locomotivecms_mounter-1.5.3/lib/locomotive/mounter/reader/file_system/content_entries_reader.rb:75:in `add'", "/Users/otamm/.rbenv/versions/2.1.5/lib/ruby/gems/2.1.0/gems/locomotivecms_mounter-1.5.3/lib/locomotive/mounter/reader/file_system/content_entries_reader.rb:29:in `block (2 levels) in fetch_from_filesystem'", "/Users/otamm/.rbenv/versions/2.1.5/lib/ruby/gems/2.1.0/gems/locomotivecms_mounter-1.5.3/lib/locomotive/mounter/reader/file_system/content_entries_reader.rb:28:in `each'", "/Users/otamm/.rbenv/versions/2.1.5/lib/ruby/gems/2.1.0/gems/locomotivecms_mounter-1.5.3/lib/locomotive/mounter/reader/file_system/content_entries_reader.rb:28:in `each_with_index'", "/Users/otamm/.rbenv/versions/2.1.5/lib/ruby/gems/2.1.0/gems/locomotivecms_mounter-1.5.3/lib/locomotive/mounter/reader/file_system/content_entries_reader.rb:28:in `block in fetch_from_filesystem'", "/Users/otamm/.rbenv/versions/2.1.5/lib/ruby/gems/2.1.0/gems/locomotivecms_mounter-1.5.3/lib/locomotive/mounter/reader/file_system/content_entries_reader.rb:21:in `each'", "/Users/otamm/.rbenv/versions/2.1.5/lib/ruby/gems/2.1.0/gems/locomotivecms_mounter-1.5.3/lib/locomotive/mounter/reader/file_system/content_entries_reader.rb:21:in `fetch_from_filesystem'", "/Users/otamm/.rbenv/versions/2.1.5/lib/ruby/gems/2.1.0/gems/locomotivecms_mounter-1.5.3/lib/locomotive/mounter/reader/file_system/content_entries_reader.rb:13:in `read'", "/Users/otamm/.rbenv/versions/2.1.5/lib/ruby/gems/2.1.0/gems/locomotivecms_mounter-1.5.3/lib/locomotive/mounter/reader/runner.rb:76:in `block (2 levels) in build_mounting_point'", "/Users/otamm/.rbenv/versions/2.1.5/lib/ruby/gems/2.1.0/gems/locomotivecms_mounter-1.5.3/lib/locomotive/mounter/reader/runner.rb:73:in `each'", "/Users/otamm/.rbenv/versions/2.1.5/lib/ruby/gems/2.1.0/gems/locomotivecms_mounter-1.5.3/lib/locomotive/mounter/reader/runner.rb:73:in `block in build_mounting_point'", "/Users/otamm/.rbenv/versions/2.1.5/lib/ruby/gems/2.1.0/gems/locomotivecms_mounter-1.5.3/lib/locomotive/mounter/reader/runner.rb:70:in `tap'", "/Users/otamm/.rbenv/versions/2.1.5/lib/ruby/gems/2.1.0/gems/locomotivecms_mounter-1.5.3/lib/locomotive/mounter/reader/runner.rb:70:in `build_mounting_point'", "/Users/otamm/.rbenv/versions/2.1.5/lib/ruby/gems/2.1.0/gems/locomotivecms_mounter-1.5.3/lib/locomotive/mounter/reader/runner.rb:29:in `run!'", "/Users/otamm/.rbenv/versions/2.1.5/lib/ruby/gems/2.1.0/gems/locomotivecms_wagon-1.5.4/lib/locomotive/wagon.rb:262:in `require_mounter'", "/Users/otamm/.rbenv/versions/2.1.5/lib/ruby/gems/2.1.0/gems/locomotivecms_wagon-1.5.4/lib/locomotive/wagon.rb:75:in `serve'", "/Users/otamm/.rbenv/versions/2.1.5/lib/ruby/gems/2.1.0/gems/locomotivecms_wagon-1.5.4/lib/locomotive/wagon/cli.rb:272:in `serve'", "/Users/otamm/.rbenv/versions/2.1.5/lib/ruby/gems/2.1.0/gems/thor-0.19.1/lib/thor/command.rb:27:in `run'", "/Users/otamm/.rbenv/versions/2.1.5/lib/ruby/gems/2.1.0/gems/thor-0.19.1/lib/thor/invocation.rb:126:in `invoke_command'", "/Users/otamm/.rbenv/versions/2.1.5/lib/ruby/gems/2.1.0/gems/thor-0.19.1/lib/thor.rb:359:in `dispatch'", "/Users/otamm/.rbenv/versions/2.1.5/lib/ruby/gems/2.1.0/gems/thor-0.19.1/lib/thor/base.rb:440:in `start'", "/Users/otamm/.rbenv/versions/2.1.5/lib/ruby/gems/2.1.0/gems/locomotivecms_wagon-1.5.4/bin/wagon:12:in `<top (required)>'", "/Users/otamm/.rbenv/versions/2.1.5/bin/wagon:23:in `load'", "/Users/otamm/.rbenv/versions/2.1.5/bin/wagon:23:in `<main>'"]
The 'headerlinks' content type does not have a field named 'link'.
The 'headerlinks' content type does not have a field named 'link'.
	/Users/otamm/.rbenv/versions/2.1.5/lib/ruby/gems/2.1.0/gems/locomotivecms_mounter-1.5.3/lib/locomotive/mounter/models/content_type.rb:86:in `rescue in block (2 levels) in build_entry'
	/Users/otamm/.rbenv/versions/2.1.5/lib/ruby/gems/2.1.0/gems/locomotivecms_mounter-1.5.3/lib/locomotive/mounter/models/content_type.rb:74:in `block (2 levels) in build_entry'
	/Users/otamm/.rbenv/versions/2.1.5/lib/ruby/gems/2.1.0/gems/locomotivecms_mounter-1.5.3/lib/locomotive/mounter/models/content_type.rb:73:in `each'
	/Users/otamm/.rbenv/versions/2.1.5/lib/ruby/gems/2.1.0/gems/locomotivecms_mounter-1.5.3/lib/locomotive/mounter/models/content_type.rb:73:in `block in build_entry'
	/Users/otamm/.rbenv/versions/2.1.5/lib/ruby/gems/2.1.0/gems/locomotivecms_mounter-1.5.3/lib/locomotive/mounter/models/content_type.rb:68:in `tap'
	/Users/otamm/.rbenv/versions/2.1.5/lib/ruby/gems/2.1.0/gems/locomotivecms_mounter-1.5.3/lib/locomotive/mounter/models/content_type.rb:68:in `build_entry'
	/Users/otamm/.rbenv/versions/2.1.5/lib/ruby/gems/2.1.0/gems/locomotivecms_mounter-1.5.3/lib/locomotive/mounter/reader/file_system/content_entries_reader.rb:75:in `add'
	/Users/otamm/.rbenv/versions/2.1.5/lib/ruby/gems/2.1.0/gems/locomotivecms_mounter-1.5.3/lib/locomotive/mounter/reader/file_system/content_entries_reader.rb:29:in `block (2 levels) in fetch_from_filesystem'
	/Users/otamm/.rbenv/versions/2.1.5/lib/ruby/gems/2.1.0/gems/locomotivecms_mounter-1.5.3/lib/locomotive/mounter/reader/file_system/content_entries_reader.rb:28:in `each'
	/Users/otamm/.rbenv/versions/2.1.5/lib/ruby/gems/2.1.0/gems/locomotivecms_mounter-1.5.3/lib/locomotive/mounter/reader/file_system/content_entries_reader.rb:28:in `each_with_index'
	/Users/otamm/.rbenv/versions/2.1.5/lib/ruby/gems/2.1.0/gems/locomotivecms_mounter-1.5.3/lib/locomotive/mounter/reader/file_system/content_entries_reader.rb:28:in `block in fetch_from_filesystem'
	/Users/otamm/.rbenv/versions/2.1.5/lib/ruby/gems/2.1.0/gems/locomotivecms_mounter-1.5.3/lib/locomotive/mounter/reader/file_system/content_entries_reader.rb:21:in `each'
	/Users/otamm/.rbenv/versions/2.1.5/lib/ruby/gems/2.1.0/gems/locomotivecms_mounter-1.5.3/lib/locomotive/mounter/reader/file_system/content_entries_reader.rb:21:in `fetch_from_filesystem'
	/Users/otamm/.rbenv/versions/2.1.5/lib/ruby/gems/2.1.0/gems/locomotivecms_mounter-1.5.3/lib/locomotive/mounter/reader/file_system/content_entries_reader.rb:13:in `read'
	/Users/otamm/.rbenv/versions/2.1.5/lib/ruby/gems/2.1.0/gems/locomotivecms_mounter-1.5.3/lib/locomotive/mounter/reader/runner.rb:76:in `block (2 levels) in build_mounting_point'
	/Users/otamm/.rbenv/versions/2.1.5/lib/ruby/gems/2.1.0/gems/locomotivecms_mounter-1.5.3/lib/locomotive/mounter/reader/runner.rb:73:in `each'
	/Users/otamm/.rbenv/versions/2.1.5/lib/ruby/gems/2.1.0/gems/locomotivecms_mounter-1.5.3/lib/locomotive/mounter/reader/runner.rb:73:in `block in build_mounting_point'
	/Users/otamm/.rbenv/versions/2.1.5/lib/ruby/gems/2.1.0/gems/locomotivecms_mounter-1.5.3/lib/locomotive/mounter/reader/runner.rb:70:in `tap'
	/Users/otamm/.rbenv/versions/2.1.5/lib/ruby/gems/2.1.0/gems/locomotivecms_mounter-1.5.3/lib/locomotive/mounter/reader/runner.rb:70:in `build_mounting_point'
	/Users/otamm/.rbenv/versions/2.1.5/lib/ruby/gems/2.1.0/gems/locomotivecms_mounter-1.5.3/lib/locomotive/mounter/reader/runner.rb:29:in `run!'
	/Users/otamm/.rbenv/versions/2.1.5/lib/ruby/gems/2.1.0/gems/locomotivecms_wagon-1.5.4/lib/locomotive/wagon.rb:262:in `require_mounter'
	/Users/otamm/.rbenv/versions/2.1.5/lib/ruby/gems/2.1.0/gems/locomotivecms_wagon-1.5.4/lib/locomotive/wagon.rb:75:in `serve'
	/Users/otamm/.rbenv/versions/2.1.5/lib/ruby/gems/2.1.0/gems/locomotivecms_wagon-1.5.4/lib/locomotive/wagon/cli.rb:272:in `serve'
	/Users/otamm/.rbenv/versions/2.1.5/lib/ruby/gems/2.1.0/gems/thor-0.19.1/lib/thor/command.rb:27:in `run'
	/Users/otamm/.rbenv/versions/2.1.5/lib/ruby/gems/2.1.0/gems/thor-0.19.1/lib/thor/invocation.rb:126:in `invoke_command'
	/Users/otamm/.rbenv/versions/2.1.5/lib/ruby/gems/2.1.0/gems/thor-0.19.1/lib/thor.rb:359:in `dispatch'
	/Users/otamm/.rbenv/versions/2.1.5/lib/ruby/gems/2.1.0/gems/thor-0.19.1/lib/thor/base.rb:440:in `start'
	/Users/otamm/.rbenv/versions/2.1.5/lib/ruby/gems/2.1.0/gems/locomotivecms_wagon-1.5.4/bin/wagon:12:in `<top (required)>'
	/Users/otamm/.rbenv/versions/2.1.5/bin/wagon:23:in `load'
	/Users/otamm/.rbenv/versions/2.1.5/bin/wagon:23:in `<main>'


["/Users/otamm/.rbenv/versions/2.1.5/lib/ruby/gems/2.1.0/gems/locomotivecms_mounter-1.5.3/lib/locomotive/mounter/models/content_entry.rb:203:in `method_missing'", "/Users/otamm/.rbenv/versions/2.1.5/lib/ruby/gems/2.1.0/gems/locomotivecms_mounter-1.5.3/lib/locomotive/mounter/models/content_type.rb:80:in `block (2 levels) in build_entry'", "/Users/otamm/.rbenv/versions/2.1.5/lib/ruby/gems/2.1.0/gems/locomotivecms_mounter-1.5.3/lib/locomotive/mounter/models/content_type.rb:73:in `each'", "/Users/otamm/.rbenv/versions/2.1.5/lib/ruby/gems/2.1.0/gems/locomotivecms_mounter-1.5.3/lib/locomotive/mounter/models/content_type.rb:73:in `block in build_entry'", "/Users/otamm/.rbenv/versions/2.1.5/lib/ruby/gems/2.1.0/gems/locomotivecms_mounter-1.5.3/lib/locomotive/mounter/models/content_type.rb:68:in `tap'", "/Users/otamm/.rbenv/versions/2.1.5/lib/ruby/gems/2.1.0/gems/locomotivecms_mounter-1.5.3/lib/locomotive/mounter/models/content_type.rb:68:in `build_entry'", "/Users/otamm/.rbenv/versions/2.1.5/lib/ruby/gems/2.1.0/gems/locomotivecms_mounter-1.5.3/lib/locomotive/mounter/reader/file_system/content_entries_reader.rb:75:in `add'", "/Users/otamm/.rbenv/versions/2.1.5/lib/ruby/gems/2.1.0/gems/locomotivecms_mounter-1.5.3/lib/locomotive/mounter/reader/file_system/content_entries_reader.rb:29:in `block (2 levels) in fetch_from_filesystem'", "/Users/otamm/.rbenv/versions/2.1.5/lib/ruby/gems/2.1.0/gems/locomotivecms_mounter-1.5.3/lib/locomotive/mounter/reader/file_system/content_entries_reader.rb:28:in `each'", "/Users/otamm/.rbenv/versions/2.1.5/lib/ruby/gems/2.1.0/gems/locomotivecms_mounter-1.5.3/lib/locomotive/mounter/reader/file_system/content_entries_reader.rb:28:in `each_with_index'", "/Users/otamm/.rbenv/versions/2.1.5/lib/ruby/gems/2.1.0/gems/locomotivecms_mounter-1.5.3/lib/locomotive/mounter/reader/file_system/content_entries_reader.rb:28:in `block in fetch_from_filesystem'", "/Users/otamm/.rbenv/versions/2.1.5/lib/ruby/gems/2.1.0/gems/locomotivecms_mounter-1.5.3/lib/locomotive/mounter/reader/file_system/content_entries_reader.rb:21:in `each'", "/Users/otamm/.rbenv/versions/2.1.5/lib/ruby/gems/2.1.0/gems/locomotivecms_mounter-1.5.3/lib/locomotive/mounter/reader/file_system/content_entries_reader.rb:21:in `fetch_from_filesystem'", "/Users/otamm/.rbenv/versions/2.1.5/lib/ruby/gems/2.1.0/gems/locomotivecms_mounter-1.5.3/lib/locomotive/mounter/reader/file_system/content_entries_reader.rb:13:in `read'", "/Users/otamm/.rbenv/versions/2.1.5/lib/ruby/gems/2.1.0/gems/locomotivecms_mounter-1.5.3/lib/locomotive/mounter/reader/runner.rb:76:in `block (2 levels) in build_mounting_point'", "/Users/otamm/.rbenv/versions/2.1.5/lib/ruby/gems/2.1.0/gems/locomotivecms_mounter-1.5.3/lib/locomotive/mounter/reader/runner.rb:73:in `each'", "/Users/otamm/.rbenv/versions/2.1.5/lib/ruby/gems/2.1.0/gems/locomotivecms_mounter-1.5.3/lib/locomotive/mounter/reader/runner.rb:73:in `block in build_mounting_point'", "/Users/otamm/.rbenv/versions/2.1.5/lib/ruby/gems/2.1.0/gems/locomotivecms_mounter-1.5.3/lib/locomotive/mounter/reader/runner.rb:70:in `tap'", "/Users/otamm/.rbenv/versions/2.1.5/lib/ruby/gems/2.1.0/gems/locomotivecms_mounter-1.5.3/lib/locomotive/mounter/reader/runner.rb:70:in `build_mounting_point'", "/Users/otamm/.rbenv/versions/2.1.5/lib/ruby/gems/2.1.0/gems/locomotivecms_mounter-1.5.3/lib/locomotive/mounter/reader/runner.rb:29:in `run!'", "/Users/otamm/.rbenv/versions/2.1.5/lib/ruby/gems/2.1.0/gems/locomotivecms_wagon-1.5.4/lib/locomotive/wagon.rb:262:in `require_mounter'", "/Users/otamm/.rbenv/versions/2.1.5/lib/ruby/gems/2.1.0/gems/locomotivecms_wagon-1.5.4/lib/locomotive/wagon.rb:75:in `serve'", "/Users/otamm/.rbenv/versions/2.1.5/lib/ruby/gems/2.1.0/gems/locomotivecms_wagon-1.5.4/lib/locomotive/wagon/cli.rb:272:in `serve'", "/Users/otamm/.rbenv/versions/2.1.5/lib/ruby/gems/2.1.0/gems/thor-0.19.1/lib/thor/command.rb:27:in `run'", "/Users/otamm/.rbenv/versions/2.1.5/lib/ruby/gems/2.1.0/gems/thor-0.19.1/lib/thor/invocation.rb:126:in `invoke_command'", "/Users/otamm/.rbenv/versions/2.1.5/lib/ruby/gems/2.1.0/gems/thor-0.19.1/lib/thor.rb:359:in `dispatch'", "/Users/otamm/.rbenv/versions/2.1.5/lib/ruby/gems/2.1.0/gems/thor-0.19.1/lib/thor/base.rb:440:in `start'", "/Users/otamm/.rbenv/versions/2.1.5/lib/ruby/gems/2.1.0/gems/locomotivecms_wagon-1.5.4/bin/wagon:12:in `<top (required)>'", "/Users/otamm/.rbenv/versions/2.1.5/bin/wagon:23:in `load'", "/Users/otamm/.rbenv/versions/2.1.5/bin/wagon:23:in `<main>'"]
The 'headerlinks' content type does not have a field named 'link'.
The 'headerlinks' content type does not have a field named 'link'.
	/Users/otamm/.rbenv/versions/2.1.5/lib/ruby/gems/2.1.0/gems/locomotivecms_mounter-1.5.3/lib/locomotive/mounter/models/content_type.rb:86:in `rescue in block (2 levels) in build_entry'
	/Users/otamm/.rbenv/versions/2.1.5/lib/ruby/gems/2.1.0/gems/locomotivecms_mounter-1.5.3/lib/locomotive/mounter/models/content_type.rb:74:in `block (2 levels) in build_entry'
	/Users/otamm/.rbenv/versions/2.1.5/lib/ruby/gems/2.1.0/gems/locomotivecms_mounter-1.5.3/lib/locomotive/mounter/models/content_type.rb:73:in `each'
	/Users/otamm/.rbenv/versions/2.1.5/lib/ruby/gems/2.1.0/gems/locomotivecms_mounter-1.5.3/lib/locomotive/mounter/models/content_type.rb:73:in `block in build_entry'
	/Users/otamm/.rbenv/versions/2.1.5/lib/ruby/gems/2.1.0/gems/locomotivecms_mounter-1.5.3/lib/locomotive/mounter/models/content_type.rb:68:in `tap'
	/Users/otamm/.rbenv/versions/2.1.5/lib/ruby/gems/2.1.0/gems/locomotivecms_mounter-1.5.3/lib/locomotive/mounter/models/content_type.rb:68:in `build_entry'
	/Users/otamm/.rbenv/versions/2.1.5/lib/ruby/gems/2.1.0/gems/locomotivecms_mounter-1.5.3/lib/locomotive/mounter/reader/file_system/content_entries_reader.rb:75:in `add'
	/Users/otamm/.rbenv/versions/2.1.5/lib/ruby/gems/2.1.0/gems/locomotivecms_mounter-1.5.3/lib/locomotive/mounter/reader/file_system/content_entries_reader.rb:29:in `block (2 levels) in fetch_from_filesystem'
	/Users/otamm/.rbenv/versions/2.1.5/lib/ruby/gems/2.1.0/gems/locomotivecms_mounter-1.5.3/lib/locomotive/mounter/reader/file_system/content_entries_reader.rb:28:in `each'
	/Users/otamm/.rbenv/versions/2.1.5/lib/ruby/gems/2.1.0/gems/locomotivecms_mounter-1.5.3/lib/locomotive/mounter/reader/file_system/content_entries_reader.rb:28:in `each_with_index'
	/Users/otamm/.rbenv/versions/2.1.5/lib/ruby/gems/2.1.0/gems/locomotivecms_mounter-1.5.3/lib/locomotive/mounter/reader/file_system/content_entries_reader.rb:28:in `block in fetch_from_filesystem'
	/Users/otamm/.rbenv/versions/2.1.5/lib/ruby/gems/2.1.0/gems/locomotivecms_mounter-1.5.3/lib/locomotive/mounter/reader/file_system/content_entries_reader.rb:21:in `each'
	/Users/otamm/.rbenv/versions/2.1.5/lib/ruby/gems/2.1.0/gems/locomotivecms_mounter-1.5.3/lib/locomotive/mounter/reader/file_system/content_entries_reader.rb:21:in `fetch_from_filesystem'
	/Users/otamm/.rbenv/versions/2.1.5/lib/ruby/gems/2.1.0/gems/locomotivecms_mounter-1.5.3/lib/locomotive/mounter/reader/file_system/content_entries_reader.rb:13:in `read'
	/Users/otamm/.rbenv/versions/2.1.5/lib/ruby/gems/2.1.0/gems/locomotivecms_mounter-1.5.3/lib/locomotive/mounter/reader/runner.rb:76:in `block (2 levels) in build_mounting_point'
	/Users/otamm/.rbenv/versions/2.1.5/lib/ruby/gems/2.1.0/gems/locomotivecms_mounter-1.5.3/lib/locomotive/mounter/reader/runner.rb:73:in `each'
	/Users/otamm/.rbenv/versions/2.1.5/lib/ruby/gems/2.1.0/gems/locomotivecms_mounter-1.5.3/lib/locomotive/mounter/reader/runner.rb:73:in `block in build_mounting_point'
	/Users/otamm/.rbenv/versions/2.1.5/lib/ruby/gems/2.1.0/gems/locomotivecms_mounter-1.5.3/lib/locomotive/mounter/reader/runner.rb:70:in `tap'
	/Users/otamm/.rbenv/versions/2.1.5/lib/ruby/gems/2.1.0/gems/locomotivecms_mounter-1.5.3/lib/locomotive/mounter/reader/runner.rb:70:in `build_mounting_point'
	/Users/otamm/.rbenv/versions/2.1.5/lib/ruby/gems/2.1.0/gems/locomotivecms_mounter-1.5.3/lib/locomotive/mounter/reader/runner.rb:29:in `run!'
	/Users/otamm/.rbenv/versions/2.1.5/lib/ruby/gems/2.1.0/gems/locomotivecms_wagon-1.5.4/lib/locomotive/wagon.rb:262:in `require_mounter'
	/Users/otamm/.rbenv/versions/2.1.5/lib/ruby/gems/2.1.0/gems/locomotivecms_wagon-1.5.4/lib/locomotive/wagon.rb:75:in `serve'
	/Users/otamm/.rbenv/versions/2.1.5/lib/ruby/gems/2.1.0/gems/locomotivecms_wagon-1.5.4/lib/locomotive/wagon/cli.rb:272:in `serve'
	/Users/otamm/.rbenv/versions/2.1.5/lib/ruby/gems/2.1.0/gems/thor-0.19.1/lib/thor/command.rb:27:in `run'
	/Users/otamm/.rbenv/versions/2.1.5/lib/ruby/gems/2.1.0/gems/thor-0.19.1/lib/thor/invocation.rb:126:in `invoke_command'
	/Users/otamm/.rbenv/versions/2.1.5/lib/ruby/gems/2.1.0/gems/thor-0.19.1/lib/thor.rb:359:in `dispatch'
	/Users/otamm/.rbenv/versions/2.1.5/lib/ruby/gems/2.1.0/gems/thor-0.19.1/lib/thor/base.rb:440:in `start'
	/Users/otamm/.rbenv/versions/2.1.5/lib/ruby/gems/2.1.0/gems/locomotivecms_wagon-1.5.4/bin/wagon:12:in `<top (required)>'
	/Users/otamm/.rbenv/versions/2.1.5/bin/wagon:23:in `load'
	/Users/otamm/.rbenv/versions/2.1.5/bin/wagon:23:in `<main>'


[0;31;49m[Important] YUICompressor requires java to be installed. The JAVA_HOME variable should also be set.
[0m
[0;97;49mStarted GET "/" at 2015-04-20 20:04:21 -0300[0m
Detecting locale EN
Found page "Home page" [index]
[0;31;49m[ERROR] undefined method `entries' for nil:NilClass - ./app/views/pages/index.liquid:5:in `Home page'
[0m
* Reloaded "pages", "snippets" at 2015-04-20 20:06:08 -0300
[0;97;49mStarted GET "/" at 2015-04-20 20:06:11 -0300[0m
Detecting locale EN
Found page "Home page" [index]
  Rendered snippet top_page_section
  Rendered liquid page template
[0;32;49mCompleted 200 OK in 2.5ms

[0m
